#
# There is insufficient memory for the Java Runtime Environment to continue.
# Native memory allocation (malloc) failed to allocate 219808 bytes for Chunk::new
# Possible reasons:
#   The system is out of physical RAM or swap space
#   The process is running with CompressedOops enabled, and the Java Heap may be blocking the growth of the native heap
# Possible solutions:
#   Reduce memory load on the system
#   Increase physical memory or swap space
#   Check if swap backing store is full
#   Decrease Java heap size (-Xmx/-Xms)
#   Decrease number of Java threads
#   Decrease Java thread stack sizes (-Xss)
#   Set larger code cache with -XX:ReservedCodeCacheSize=
#   JVM is running with Unscaled Compressed Oops mode in which the Java heap is
#     placed in the first 4GB address space. The Java Heap base address is the
#     maximum limit for the native heap growth. Please use -XX:HeapBaseMinAddress
#     to set the Java Heap base and to place the Java Heap above 4GB virtual address.
# This output file may be truncated or incomplete.
#
#  Out of Memory Error (allocation.cpp:389), pid=7116, tid=0x0000000000000d78
#
# JRE version: OpenJDK Runtime Environment (8.0_202-b03) (build 1.8.0_202-release-1483-b03)
# Java VM: OpenJDK 64-Bit Server VM (25.202-b03 mixed mode windows-amd64 compressed oops)
# Failed to write core dump. Minidumps are not enabled by default on client versions of Windows
#

---------------  T H R E A D  ---------------

Current thread (0x0000000018bac800):  JavaThread "C2 CompilerThread2" daemon [_thread_in_native, id=3448, stack(0x0000000019680000,0x0000000019780000)]

Stack: [0x0000000019680000,0x0000000019780000]
[error occurred during error reporting (printing stack bounds), id 0xc0000005]

Native frames: (J=compiled Java code, j=interpreted, Vv=VM code, C=native code)


Current CompileTask:
C2:3786400 28462 %     4       com.android.tools.r8.ir.conversion.I::a @ 325 (945 bytes)


---------------  P R O C E S S  ---------------

Java Threads: ( => current thread )
  0x0000000028f35000 JavaThread "stdout" [_thread_in_native, id=7516, stack(0x000000004abb0000,0x000000004acb0000)]
  0x0000000028f38000 JavaThread "stderr" [_thread_in_native, id=4368, stack(0x000000004aab0000,0x000000004abb0000)]
  0x0000000028f34800 JavaThread "stdout" [_thread_in_native, id=8652, stack(0x000000004a9b0000,0x000000004aab0000)]
  0x0000000028f37800 JavaThread "stderr" [_thread_in_native, id=5776, stack(0x000000004a8b0000,0x000000004a9b0000)]
  0x0000000028f32000 JavaThread "stdout" [_thread_in_native, id=7248, stack(0x000000004a7b0000,0x000000004a8b0000)]
  0x0000000028f36800 JavaThread "stderr" [_thread_in_native, id=1596, stack(0x000000004a6b0000,0x000000004a7b0000)]
  0x0000000028f39000 JavaThread "stdout" [_thread_in_native, id=9140, stack(0x000000004a5b0000,0x000000004a6b0000)]
  0x0000000028f36000 JavaThread "stderr" [_thread_in_native, id=512, stack(0x000000004a4b0000,0x000000004a5b0000)]
  0x0000000028f33800 JavaThread "stdout" [_thread_in_native, id=9836, stack(0x000000004a3b0000,0x000000004a4b0000)]
  0x000000001ada4800 JavaThread "stderr" [_thread_in_native, id=5404, stack(0x000000004a2b0000,0x000000004a3b0000)]
  0x000000001ada3800 JavaThread "stdout" [_thread_in_native, id=776, stack(0x000000004a1b0000,0x000000004a2b0000)]
  0x000000001ada3000 JavaThread "stderr" [_thread_in_native, id=5108, stack(0x000000004a0b0000,0x000000004a1b0000)]
  0x000000001ad9e800 JavaThread "stdout" [_thread_in_native, id=3744, stack(0x0000000049fb0000,0x000000004a0b0000)]
  0x000000001da02000 JavaThread "stderr" [_thread_in_native, id=2500, stack(0x0000000049eb0000,0x0000000049fb0000)]
  0x000000001d9fa800 JavaThread "stdout" [_thread_in_native, id=2120, stack(0x0000000049db0000,0x0000000049eb0000)]
  0x000000001da00800 JavaThread "stderr" [_thread_in_native, id=32, stack(0x0000000049cb0000,0x0000000049db0000)]
  0x000000001d9ff800 JavaThread "WorkerExecutor Queue Thread 8" [_thread_blocked, id=10188, stack(0x0000000049bb0000,0x0000000049cb0000)]
  0x000000001d9ff000 JavaThread "WorkerExecutor Queue Thread 7" [_thread_blocked, id=9432, stack(0x0000000049ab0000,0x0000000049bb0000)]
  0x000000001da01000 JavaThread "WorkerExecutor Queue Thread 6" [_thread_blocked, id=2420, stack(0x00000000499b0000,0x0000000049ab0000)]
  0x000000001d9f7800 JavaThread "WorkerExecutor Queue Thread 5" [_thread_blocked, id=7952, stack(0x00000000498b0000,0x00000000499b0000)]
  0x000000001d9f8000 JavaThread "WorkerExecutor Queue Thread 4" [_thread_blocked, id=10064, stack(0x00000000497b0000,0x00000000498b0000)]
  0x000000001d9f9800 JavaThread "WorkerExecutor Queue Thread 3" [_thread_blocked, id=5496, stack(0x00000000496b0000,0x00000000497b0000)]
  0x000000001d9fd800 JavaThread "pool-28-thread-1" [_thread_blocked, id=7536, stack(0x00000000495b0000,0x00000000496b0000)]
  0x000000001d9fc800 JavaThread "WorkerExecutor Queue Thread 2" [_thread_blocked, id=7428, stack(0x00000000494b0000,0x00000000495b0000)]
  0x000000001d9f9000 JavaThread "WorkerExecutor Queue" [_thread_blocked, id=6492, stack(0x00000000493b0000,0x00000000494b0000)]
  0x000000001d9fc000 JavaThread "Cache worker for execution history cache (F:\QRVoting\.gradle\5.4.1\executionHistory)" [_thread_blocked, id=10144, stack(0x00000000492b0000,0x00000000493b0000)]
  0x00000000221e4800 JavaThread "Execution worker for ':' Thread 7" [_thread_blocked, id=6940, stack(0x00000000491b0000,0x00000000492b0000)]
  0x00000000221e7800 JavaThread "Execution worker for ':' Thread 6" [_thread_blocked, id=4412, stack(0x00000000490b0000,0x00000000491b0000)]
  0x00000000221e6800 JavaThread "Execution worker for ':' Thread 5" [_thread_blocked, id=4744, stack(0x0000000048fb0000,0x00000000490b0000)]
  0x00000000221e6000 JavaThread "Execution worker for ':' Thread 4" [_thread_blocked, id=8932, stack(0x0000000048eb0000,0x0000000048fb0000)]
  0x00000000221e3000 JavaThread "Execution worker for ':' Thread 3" [_thread_blocked, id=668, stack(0x0000000048db0000,0x0000000048eb0000)]
  0x00000000221db800 JavaThread "Execution worker for ':' Thread 2" [_thread_blocked, id=5708, stack(0x0000000048cb0000,0x0000000048db0000)]
  0x00000000221e2000 JavaThread "Execution worker for ':'" [_thread_blocked, id=6316, stack(0x0000000048bb0000,0x0000000048cb0000)]
  0x00000000221df000 JavaThread "Cache worker for file content cache (F:\QRVoting\.gradle\5.4.1\fileContent)" [_thread_blocked, id=9656, stack(0x0000000048ab0000,0x0000000048bb0000)]
  0x00000000221d9000 JavaThread "Cache worker for Build Output Cleanup Cache (F:\QRVoting\.gradle\buildOutputCleanup)" [_thread_blocked, id=6800, stack(0x00000000489b0000,0x0000000048ab0000)]
  0x00000000221dd000 JavaThread "Build operations Thread 8" [_thread_blocked, id=6264, stack(0x00000000488b0000,0x00000000489b0000)]
  0x00000000221dc000 JavaThread "Build operations Thread 7" [_thread_blocked, id=5264, stack(0x00000000487b0000,0x00000000488b0000)]
  0x00000000221e0000 JavaThread "Build operations Thread 6" [_thread_blocked, id=4808, stack(0x00000000486b0000,0x00000000487b0000)]
  0x000000001b04a000 JavaThread "Build operations Thread 5" [_thread_blocked, id=5468, stack(0x00000000485b0000,0x00000000486b0000)]
  0x000000001b04d000 JavaThread "Build operations Thread 4" [_thread_blocked, id=6332, stack(0x00000000484b0000,0x00000000485b0000)]
  0x000000001b04b800 JavaThread "Build operations Thread 3" [_thread_blocked, id=2272, stack(0x00000000483b0000,0x00000000484b0000)]
  0x000000001b049000 JavaThread "Build operations Thread 2" [_thread_blocked, id=1388, stack(0x00000000482b0000,0x00000000483b0000)]
  0x000000001b041800 JavaThread "Build operations" [_thread_blocked, id=9256, stack(0x00000000481b0000,0x00000000482b0000)]
  0x000000001b048800 JavaThread "Cache worker for cache directory md-rule (C:\Users\UNIQ\.gradle\caches\5.4.1\md-rule)" [_thread_blocked, id=5556, stack(0x00000000480b0000,0x00000000481b0000)]
  0x000000001b047800 JavaThread "Cache worker for cache directory md-supplier (C:\Users\UNIQ\.gradle\caches\5.4.1\md-supplier)" [_thread_blocked, id=6532, stack(0x0000000047fb0000,0x00000000480b0000)]
  0x000000001b047000 JavaThread "Cache worker for file hash cache (F:\QRVoting\.gradle\5.4.1\fileHashes)" [_thread_blocked, id=8400, stack(0x0000000047eb0000,0x0000000047fb0000)]
  0x000000001b041000 JavaThread "Thread-401" [_thread_blocked, id=10200, stack(0x0000000047db0000,0x0000000047eb0000)]
  0x000000001b03f800 JavaThread "Stdin handler" [_thread_blocked, id=928, stack(0x0000000047cb0000,0x0000000047db0000)]
  0x000000001b03e800 JavaThread "Asynchronous log dispatcher for DefaultDaemonConnection: socket connection from /127.0.0.1:61374 to /127.0.0.1:62243" [_thread_blocked, id=2764, stack(0x0000000047bb0000,0x0000000047cb0000)]
  0x000000001b044000 JavaThread "Daemon worker Thread 13" [_thread_blocked, id=5964, stack(0x0000000047ab0000,0x0000000047bb0000)]
  0x000000001b040000 JavaThread "Cancel handler" [_thread_blocked, id=5376, stack(0x00000000479b0000,0x0000000047ab0000)]
  0x000000001b045800 JavaThread "Handler for socket connection from /127.0.0.1:61374 to /127.0.0.1:62243" [_thread_in_native, id=3208, stack(0x00000000478b0000,0x00000000479b0000)]
  0x000000001b044800 JavaThread "Daemon Thread 13" [_thread_blocked, id=184, stack(0x00000000477b0000,0x00000000478b0000)]
  0x00000000221d8800 JavaThread "Cache worker for Java compile cache (C:\Users\UNIQ\.gradle\caches\5.4.1\javaCompile)" [_thread_blocked, id=3028, stack(0x0000000034eb0000,0x0000000034fb0000)]
  0x000000001d9fe000 JavaThread "Cache worker for file content cache (C:\Users\UNIQ\.gradle\caches\5.4.1\fileContent)" [_thread_blocked, id=7884, stack(0x00000000326b0000,0x00000000327b0000)]
  0x000000001b04c000 JavaThread "Memory manager" [_thread_blocked, id=8868, stack(0x0000000024c60000,0x0000000024d60000)]
  0x000000001b042800 JavaThread "Cache worker for execution history cache (C:\Users\UNIQ\.gradle\caches\5.4.1\executionHistory)" [_thread_blocked, id=9264, stack(0x0000000022d50000,0x0000000022e50000)]
  0x000000001ada0800 JavaThread "Cache worker for journal cache (C:\Users\UNIQ\.gradle\caches\journal-1)" [_thread_blocked, id=6572, stack(0x000000001ca90000,0x000000001cb90000)]
  0x000000001ad9d800 JavaThread "File lock request listener" [_thread_in_native, id=9088, stack(0x000000001c990000,0x000000001ca90000)]
  0x000000001b08c000 JavaThread "Cache worker for file hash cache (C:\Users\UNIQ\.gradle\caches\5.4.1\fileHashes)" [_thread_blocked, id=3228, stack(0x000000001c890000,0x000000001c990000)]
  0x0000000019d43800 JavaThread "Daemon periodic checks" [_thread_blocked, id=4280, stack(0x000000001bd90000,0x000000001be90000)]
  0x0000000019cfb800 JavaThread "Incoming local TCP Connector on port 61374" [_thread_in_native, id=3092, stack(0x000000001b890000,0x000000001b990000)]
  0x000000001ac6b800 JavaThread "Daemon health stats" [_thread_blocked, id=9592, stack(0x000000001b250000,0x000000001b350000)]
  0x0000000018c41800 JavaThread "Service Thread" daemon [_thread_blocked, id=8792, stack(0x0000000019880000,0x0000000019980000)]
  0x0000000018bb5800 JavaThread "C1 CompilerThread3" daemon [_thread_blocked, id=9012, stack(0x0000000019780000,0x0000000019880000)]
=>0x0000000018bac800 JavaThread "C2 CompilerThread2" daemon [_thread_in_native, id=3448, stack(0x0000000019680000,0x0000000019780000)]
  0x0000000018bab000 JavaThread "C2 CompilerThread1" daemon [_thread_in_native, id=2588, stack(0x0000000019580000,0x0000000019680000)]
  0x0000000018ba8000 JavaThread "C2 CompilerThread0" daemon [_thread_in_native, id=7500, stack(0x0000000019480000,0x0000000019580000)]
  0x0000000018ba7000 JavaThread "Attach Listener" daemon [_thread_blocked, id=8856, stack(0x0000000019380000,0x0000000019480000)]
  0x0000000018ba4000 JavaThread "Signal Dispatcher" daemon [_thread_blocked, id=3892, stack(0x0000000019280000,0x0000000019380000)]
  0x0000000002fa9800 JavaThread "Finalizer" daemon [_thread_blocked, id=3240, stack(0x0000000019080000,0x0000000019180000)]
  0x0000000002fa6000 JavaThread "Reference Handler" daemon [_thread_blocked, id=3868, stack(0x0000000018f80000,0x0000000019080000)]
  0x00000000010ad800 JavaThread "main" [_thread_blocked, id=5808, stack(0x0000000002da0000,0x0000000002ea0000)]

Other Threads:
  0x0000000016d98800 VMThread [stack: 0x0000000018a80000,0x0000000018b80000] [id=6348]
  0x0000000018c42000 WatcherThread [stack: 0x0000000019980000,0x0000000019a80000] [id=7540]

VM state:not at safepoint (normal execution)

VM Mutex/Monitor currently owned by a thread: None

heap address: 0x00000000a0000000, size: 1536 MB, Compressed Oops mode: 32-bit
Narrow klass base: 0x0000000000000000, Narrow klass shift: 3
Compressed class space size: 1073741824 Address: 0x0000000100000000

Heap:
 PSYoungGen      total 477696K, used 384905K [0x00000000e0000000, 0x0000000100000000, 0x0000000100000000)
  eden space 431104K, 81% used [0x00000000e0000000,0x00000000f5878ee0,0x00000000fa500000)
  from space 46592K, 69% used [0x00000000fa500000,0x00000000fc469668,0x00000000fd280000)
  to   space 46080K, 0% used [0x00000000fd300000,0x00000000fd300000,0x0000000100000000)
 ParOldGen       total 224256K, used 85762K [0x00000000a0000000, 0x00000000adb00000, 0x00000000e0000000)
  object space 224256K, 38% used [0x00000000a0000000,0x00000000a53c0908,0x00000000adb00000)
 Metaspace       used 137358K, capacity 145184K, committed 145496K, reserved 1175552K
  class space    used 17272K, capacity 18740K, committed 18816K, reserved 1048576K

Card table byte_map: [0x0000000012380000,0x0000000012690000] byte_map_base: 0x0000000011e80000

Marking Bits: (ParMarkBitMap*) 0x00000000517b9f30
 Begin Bits: [0x0000000013090000, 0x0000000014890000)
 End Bits:   [0x0000000014890000, 0x0000000016090000)

Polling page: 0x00000000015f0000

CodeCache: size=245760Kb used=79505Kb max_used=79505Kb free=166254Kb
 bounds [0x0000000002fc0000, 0x0000000007dd0000, 0x0000000011fc0000]
 total_blobs=22933 nmethods=22016 adapters=826
 compilation: enabled

Compilation events (10 events):
Event: 3785.451 Thread 0x0000000018bb5800 28729       1       com.android.tools.r8.code.SputBoolean::getOpcode (3 bytes)
Event: 3785.451 Thread 0x0000000018bb5800 nmethod 28729 0x0000000007dca990 code [0x0000000007dcaae0, 0x0000000007dcabf0]
Event: 3785.453 Thread 0x0000000018bb5800 28730       1       com.android.tools.r8.code.InvokeInterfaceRange::getOpcode (3 bytes)
Event: 3785.453 Thread 0x0000000018bb5800 nmethod 28730 0x0000000007dcac50 code [0x0000000007dcada0, 0x0000000007dcaeb0]
Event: 3785.457 Thread 0x0000000018bb5800 28731       2       com.android.tools.r8.graph.DexValue$DexValueDouble::hashCode (10 bytes)
Event: 3785.457 Thread 0x0000000018bb5800 nmethod 28731 0x0000000007dcaf10 code [0x0000000007dcb0a0, 0x0000000007dcb210]
Event: 3785.457 Thread 0x0000000018bb5800 28732       2       com.android.tools.r8.graph.ParameterAnnotationsList::d (35 bytes)
Event: 3785.457 Thread 0x0000000018bb5800 nmethod 28732 0x0000000007dcb290 code [0x0000000007dcb3e0, 0x0000000007dcb550]
Event: 3785.457 Thread 0x0000000018bb5800 28733       2       com.android.tools.r8.graph.ParameterAnnotationsList::get (53 bytes)
Event: 3785.457 Thread 0x0000000018bb5800 nmethod 28733 0x0000000007dcb5d0 code [0x0000000007dcb720, 0x0000000007dcb8b0]

GC Heap History (10 events):
Event: 3299.118 GC heap before
{Heap before GC invocations=29 (full 4):
 PSYoungGen      total 474112K, used 445427K [0x00000000e0000000, 0x00000000ffd80000, 0x0000000100000000)
  eden space 427520K, 100% used [0x00000000e0000000,0x00000000fa180000,0x00000000fa180000)
  from space 46592K, 38% used [0x00000000fd000000,0x00000000fe17cea0,0x00000000ffd80000)
  to   space 47104K, 0% used [0x00000000fa180000,0x00000000fa180000,0x00000000fcf80000)
 ParOldGen       total 224256K, used 80521K [0x00000000a0000000, 0x00000000adb00000, 0x00000000e0000000)
  object space 224256K, 35% used [0x00000000a0000000,0x00000000a4ea26c8,0x00000000adb00000)
 Metaspace       used 135972K, capacity 143260K, committed 143448K, reserved 1173504K
  class space    used 17149K, capacity 18551K, committed 18560K, reserved 1048576K
Event: 3299.156 GC heap after
Heap after GC invocations=29 (full 4):
 PSYoungGen      total 474624K, used 24429K [0x00000000e0000000, 0x00000000ffc80000, 0x0000000100000000)
  eden space 427520K, 0% used [0x00000000e0000000,0x00000000e0000000,0x00000000fa180000)
  from space 47104K, 51% used [0x00000000fa180000,0x00000000fb95b6e0,0x00000000fcf80000)
  to   space 45056K, 0% used [0x00000000fd080000,0x00000000fd080000,0x00000000ffc80000)
 ParOldGen       total 224256K, used 80529K [0x00000000a0000000, 0x00000000adb00000, 0x00000000e0000000)
  object space 224256K, 35% used [0x00000000a0000000,0x00000000a4ea46c8,0x00000000adb00000)
 Metaspace       used 135972K, capacity 143260K, committed 143448K, reserved 1173504K
  class space    used 17149K, capacity 18551K, committed 18560K, reserved 1048576K
}
Event: 3782.983 GC heap before
{Heap before GC invocations=30 (full 4):
 PSYoungGen      total 474624K, used 451949K [0x00000000e0000000, 0x00000000ffc80000, 0x0000000100000000)
  eden space 427520K, 100% used [0x00000000e0000000,0x00000000fa180000,0x00000000fa180000)
  from space 47104K, 51% used [0x00000000fa180000,0x00000000fb95b6e0,0x00000000fcf80000)
  to   space 45056K, 0% used [0x00000000fd080000,0x00000000fd080000,0x00000000ffc80000)
 ParOldGen       total 224256K, used 80529K [0x00000000a0000000, 0x00000000adb00000, 0x00000000e0000000)
  object space 224256K, 35% used [0x00000000a0000000,0x00000000a4ea46c8,0x00000000adb00000)
 Metaspace       used 137202K, capacity 145028K, committed 145240K, reserved 1175552K
  class space    used 17264K, capacity 18728K, committed 18816K, reserved 1048576K
Event: 3783.009 GC heap after
Heap after GC invocations=30 (full 4):
 PSYoungGen      total 475648K, used 26157K [0x00000000e0000000, 0x00000000ffb00000, 0x0000000100000000)
  eden space 432128K, 0% used [0x00000000e0000000,0x00000000e0000000,0x00000000fa600000)
  from space 43520K, 60% used [0x00000000fd080000,0x00000000fea0b458,0x00000000ffb00000)
  to   space 43520K, 0% used [0x00000000fa600000,0x00000000fa600000,0x00000000fd080000)
 ParOldGen       total 224256K, used 80537K [0x00000000a0000000, 0x00000000adb00000, 0x00000000e0000000)
  object space 224256K, 35% used [0x00000000a0000000,0x00000000a4ea66c8,0x00000000adb00000)
 Metaspace       used 137202K, capacity 145028K, committed 145240K, reserved 1175552K
  class space    used 17264K, capacity 18728K, committed 18816K, reserved 1048576K
}
Event: 3783.658 GC heap before
{Heap before GC invocations=31 (full 4):
 PSYoungGen      total 475648K, used 458285K [0x00000000e0000000, 0x00000000ffb00000, 0x0000000100000000)
  eden space 432128K, 100% used [0x00000000e0000000,0x00000000fa600000,0x00000000fa600000)
  from space 43520K, 60% used [0x00000000fd080000,0x00000000fea0b458,0x00000000ffb00000)
  to   space 43520K, 0% used [0x00000000fa600000,0x00000000fa600000,0x00000000fd080000)
 ParOldGen       total 224256K, used 80537K [0x00000000a0000000, 0x00000000adb00000, 0x00000000e0000000)
  object space 224256K, 35% used [0x00000000a0000000,0x00000000a4ea66c8,0x00000000adb00000)
 Metaspace       used 137296K, capacity 145156K, committed 145240K, reserved 1175552K
  class space    used 17270K, capacity 18736K, committed 18816K, reserved 1048576K
Event: 3783.682 GC heap after
Heap after GC invocations=31 (full 4):
 PSYoungGen      total 475648K, used 30806K [0x00000000e0000000, 0x0000000100000000, 0x0000000100000000)
  eden space 432128K, 0% used [0x00000000e0000000,0x00000000e0000000,0x00000000fa600000)
  from space 43520K, 70% used [0x00000000fa600000,0x00000000fc415900,0x00000000fd080000)
  to   space 43520K, 0% used [0x00000000fd580000,0x00000000fd580000,0x0000000100000000)
 ParOldGen       total 224256K, used 80545K [0x00000000a0000000, 0x00000000adb00000, 0x00000000e0000000)
  object space 224256K, 35% used [0x00000000a0000000,0x00000000a4ea86c8,0x00000000adb00000)
 Metaspace       used 137296K, capacity 145156K, committed 145240K, reserved 1175552K
  class space    used 17270K, capacity 18736K, committed 18816K, reserved 1048576K
}
Event: 3784.344 GC heap before
{Heap before GC invocations=32 (full 4):
 PSYoungGen      total 475648K, used 462934K [0x00000000e0000000, 0x0000000100000000, 0x0000000100000000)
  eden space 432128K, 100% used [0x00000000e0000000,0x00000000fa600000,0x00000000fa600000)
  from space 43520K, 70% used [0x00000000fa600000,0x00000000fc415900,0x00000000fd080000)
  to   space 43520K, 0% used [0x00000000fd580000,0x00000000fd580000,0x0000000100000000)
 ParOldGen       total 224256K, used 80545K [0x00000000a0000000, 0x00000000adb00000, 0x00000000e0000000)
  object space 224256K, 35% used [0x00000000a0000000,0x00000000a4ea86c8,0x00000000adb00000)
 Metaspace       used 137323K, capacity 145166K, committed 145496K, reserved 1175552K
  class space    used 17270K, capacity 18737K, committed 18816K, reserved 1048576K
Event: 3784.373 GC heap after
Heap after GC invocations=32 (full 4):
 PSYoungGen      total 474624K, used 38445K [0x00000000e0000000, 0x0000000100000000, 0x0000000100000000)
  eden space 431104K, 0% used [0x00000000e0000000,0x00000000e0000000,0x00000000fa500000)
  from space 43520K, 88% used [0x00000000fd580000,0x00000000ffb0b6d8,0x0000000100000000)
  to   space 46592K, 0% used [0x00000000fa500000,0x00000000fa500000,0x00000000fd280000)
 ParOldGen       total 224256K, used 80553K [0x00000000a0000000, 0x00000000adb00000, 0x00000000e0000000)
  object space 224256K, 35% used [0x00000000a0000000,0x00000000a4eaa6c8,0x00000000adb00000)
 Metaspace       used 137323K, capacity 145166K, committed 145496K, reserved 1175552K
  class space    used 17270K, capacity 18737K, committed 18816K, reserved 1048576K
}
Event: 3784.845 GC heap before
{Heap before GC invocations=33 (full 4):
 PSYoungGen      total 474624K, used 469549K [0x00000000e0000000, 0x0000000100000000, 0x0000000100000000)
  eden space 431104K, 100% used [0x00000000e0000000,0x00000000fa500000,0x00000000fa500000)
  from space 43520K, 88% used [0x00000000fd580000,0x00000000ffb0b6d8,0x0000000100000000)
  to   space 46592K, 0% used [0x00000000fa500000,0x00000000fa500000,0x00000000fd280000)
 ParOldGen       total 224256K, used 80553K [0x00000000a0000000, 0x00000000adb00000, 0x00000000e0000000)
  object space 224256K, 35% used [0x00000000a0000000,0x00000000a4eaa6c8,0x00000000adb00000)
 Metaspace       used 137333K, capacity 145166K, committed 145496K, reserved 1175552K
  class space    used 17270K, capacity 18737K, committed 18816K, reserved 1048576K
Event: 3784.872 GC heap after
Heap after GC invocations=33 (full 4):
 PSYoungGen      total 477696K, used 32165K [0x00000000e0000000, 0x0000000100000000, 0x0000000100000000)
  eden space 431104K, 0% used [0x00000000e0000000,0x00000000e0000000,0x00000000fa500000)
  from space 46592K, 69% used [0x00000000fa500000,0x00000000fc469668,0x00000000fd280000)
  to   space 46080K, 0% used [0x00000000fd300000,0x00000000fd300000,0x0000000100000000)
 ParOldGen       total 224256K, used 85762K [0x00000000a0000000, 0x00000000adb00000, 0x00000000e0000000)
  object space 224256K, 38% used [0x00000000a0000000,0x00000000a53c0908,0x00000000adb00000)
 Metaspace       used 137333K, capacity 145166K, committed 145496K, reserved 1175552K
  class space    used 17270K, capacity 18737K, committed 18816K, reserved 1048576K
}

Deoptimization events (10 events):
Event: 3784.442 Thread 0x00000000221e7800 Uncommon trap: reason=unstable_if action=reinterpret pc=0x00000000067ed2e8 method=com.android.tools.r8.ir.conversion.N.getOutgoingLocal(I)Lcom/android/tools/r8/graph/DebugLocalInfo; @ 4
Event: 3784.804 Thread 0x00000000221e7800 Uncommon trap: reason=unstable_if action=reinterpret pc=0x000000000667685c method=com.android.tools.r8.ir.analysis.type.TypeAnalysis.a(Lcom/android/tools/r8/ir/code/Value;Lcom/android/tools/r8/ir/analysis/type/TypeLatticeElement;)V @ 43
Event: 3784.805 Thread 0x00000000221e7800 Uncommon trap: reason=class_check action=maybe_recompile pc=0x0000000006747158 method=com.android.tools.r8.ir.regalloc.LinearScanRegisterAllocator.a(Lcom/android/tools/r8/ir/regalloc/LinearScanRegisterAllocator$a;Z)Lcom/android/tools/r8/ir/regalloc/Linear
Event: 3784.826 Thread 0x00000000221e7800 Uncommon trap: reason=class_check action=maybe_recompile pc=0x0000000006747158 method=com.android.tools.r8.ir.regalloc.LinearScanRegisterAllocator.a(Lcom/android/tools/r8/ir/regalloc/LinearScanRegisterAllocator$a;Z)Lcom/android/tools/r8/ir/regalloc/Linear
Event: 3784.994 Thread 0x00000000221e7800 Uncommon trap: reason=unstable_if action=reinterpret pc=0x0000000006744898 method=com.android.tools.r8.ir.regalloc.LinearScanRegisterAllocator.a(Lcom/android/tools/r8/ir/regalloc/LinearScanRegisterAllocator$a;Z)Lcom/android/tools/r8/ir/regalloc/LinearScan
Event: 3785.230 Thread 0x00000000221e7800 Uncommon trap: reason=unstable_if action=reinterpret pc=0x00000000061c7930 method=com.android.tools.r8.ir.code.Value.a(Lcom/android/tools/r8/graph/AppView;Lcom/android/tools/r8/ir/code/IRCode;Ljava/util/function/Predicate;Ljava/util/Set;)Z @ 144
Event: 3785.230 Thread 0x00000000221e7800 Uncommon trap: reason=unstable_if action=reinterpret pc=0x0000000007ce1834 method=com.android.tools.r8.ir.code.Value.a(Lcom/android/tools/r8/graph/AppView;Lcom/android/tools/r8/ir/code/IRCode;Ljava/util/function/Predicate;)Z @ 21
Event: 3785.404 Thread 0x00000000221e7800 Uncommon trap: reason=array_check action=maybe_recompile pc=0x00000000037d3a24 method=java.util.TimSort.mergeLo(IIII)V @ 590
Event: 3785.405 Thread 0x00000000221e7800 Uncommon trap: reason=array_check action=maybe_recompile pc=0x00000000037d3a24 method=java.util.TimSort.mergeLo(IIII)V @ 590
Event: 3785.435 Thread 0x00000000221e7800 Uncommon trap: reason=unstable_if action=reinterpret pc=0x000000000762e09c method=com.android.tools.r8.graph.DexValue$NestedDexValue.equals(Ljava/lang/Object;)Z @ 11

Classes redefined (0 events):
No events

Internal exceptions (10 events):
Event: 3783.526 Thread 0x00000000221db800 Exception <a 'sun/nio/fs/WindowsException'> (0x00000000f5605da0) thrown at [D:\src\AOSP-openjdk-cygwin\jdk8u\hotspot\src\share\vm\prims\jni.cpp, line 710]
Event: 3783.539 Thread 0x00000000221e3000 Exception <a 'sun/nio/fs/WindowsException'> (0x00000000f5a573a8) thrown at [D:\src\AOSP-openjdk-cygwin\jdk8u\hotspot\src\share\vm\prims\jni.cpp, line 710]
Event: 3783.549 Thread 0x00000000221e3000 Exception <a 'sun/nio/fs/WindowsException'> (0x00000000f5f64d88) thrown at [D:\src\AOSP-openjdk-cygwin\jdk8u\hotspot\src\share\vm\prims\jni.cpp, line 710]
Event: 3783.614 Thread 0x00000000221e6800 Exception <a 'sun/nio/fs/WindowsException'> (0x00000000f828b4c0) thrown at [D:\src\AOSP-openjdk-cygwin\jdk8u\hotspot\src\share\vm\prims\jni.cpp, line 710]
Event: 3783.689 Thread 0x00000000221e2000 Exception <a 'sun/nio/fs/WindowsException'> (0x00000000e06a13c0) thrown at [D:\src\AOSP-openjdk-cygwin\jdk8u\hotspot\src\share\vm\prims\jni.cpp, line 710]
Event: 3783.712 Thread 0x00000000221e6800 Exception <a 'sun/nio/fs/WindowsException'> (0x00000000e1c2e950) thrown at [D:\src\AOSP-openjdk-cygwin\jdk8u\hotspot\src\share\vm\prims\jni.cpp, line 710]
Event: 3783.819 Thread 0x00000000221e6000 Exception <a 'sun/nio/fs/WindowsException'> (0x00000000e61b39f0) thrown at [D:\src\AOSP-openjdk-cygwin\jdk8u\hotspot\src\share\vm\prims\jni.cpp, line 710]
Event: 3784.009 Thread 0x00000000221e7800 Exception <a 'sun/nio/fs/WindowsException'> (0x00000000ea462b88) thrown at [D:\src\AOSP-openjdk-cygwin\jdk8u\hotspot\src\share\vm\prims\jni.cpp, line 710]
Event: 3785.336 Thread 0x00000000221e2000 Exception <a 'sun/nio/fs/WindowsException'> (0x00000000f25eb488) thrown at [D:\src\AOSP-openjdk-cygwin\jdk8u\hotspot\src\share\vm\prims\jni.cpp, line 710]
Event: 3785.463 Thread 0x00000000221e7800 Exception <a 'sun/nio/fs/WindowsException'> (0x00000000f577f738) thrown at [D:\src\AOSP-openjdk-cygwin\jdk8u\hotspot\src\share\vm\prims\jni.cpp, line 710]

Events (10 events):
Event: 3785.394 Thread 0x00000000221e7800 DEOPT UNPACKING pc=0x00000000030075d0 sp=0x00000000491abe38 mode 0
Event: 3785.404 Thread 0x00000000221e7800 Uncommon trap: trap_request=0xffffffd6 fr.pc=0x00000000037d3a24
Event: 3785.404 Thread 0x00000000221e7800 DEOPT PACKING pc=0x00000000037d3a24 sp=0x00000000491acb10
Event: 3785.404 Thread 0x00000000221e7800 DEOPT UNPACKING pc=0x000000000300557b sp=0x00000000491acaf8 mode 2
Event: 3785.405 Thread 0x00000000221e7800 Uncommon trap: trap_request=0xffffffd6 fr.pc=0x00000000037d3a24
Event: 3785.405 Thread 0x00000000221e7800 DEOPT PACKING pc=0x00000000037d3a24 sp=0x00000000491acb10
Event: 3785.405 Thread 0x00000000221e7800 DEOPT UNPACKING pc=0x000000000300557b sp=0x00000000491acaf8 mode 2
Event: 3785.435 Thread 0x00000000221e7800 Uncommon trap: trap_request=0xffffff65 fr.pc=0x000000000762e09c
Event: 3785.435 Thread 0x00000000221e7800 DEOPT PACKING pc=0x000000000762e09c sp=0x00000000491ac5b0
Event: 3785.435 Thread 0x00000000221e7800 DEOPT UNPACKING pc=0x000000000300557b sp=0x00000000491ac558 mode 2


Dynamic libraries:
0x00007ff714200000 - 0x00007ff714231000 	C:\Program Files\Android\Android Studio\jre\bin\java.exe
0x00007ffae3c40000 - 0x00007ffae3e11000 	C:\Windows\SYSTEM32\ntdll.dll
0x00007ffae2ea0000 - 0x00007ffae2f4b000 	C:\Windows\System32\KERNEL32.DLL
0x00007ffae0c20000 - 0x00007ffae0e3d000 	C:\Windows\System32\KERNELBASE.dll
0x00007ffae2df0000 - 0x00007ffae2e92000 	C:\Windows\System32\ADVAPI32.dll
0x00007ffae1450000 - 0x00007ffae14ee000 	C:\Windows\System32\msvcrt.dll
0x00007ffae1390000 - 0x00007ffae13e9000 	C:\Windows\System32\sechost.dll
0x00007ffae1200000 - 0x00007ffae1321000 	C:\Windows\System32\RPCRT4.dll
0x00007ffae38f0000 - 0x00007ffae3a55000 	C:\Windows\System32\USER32.dll
0x00007ffae0b50000 - 0x00007ffae0b6e000 	C:\Windows\System32\win32u.dll
0x00007ffae3c00000 - 0x00007ffae3c34000 	C:\Windows\System32\GDI32.dll
0x00007ffae0ef0000 - 0x00007ffae1072000 	C:\Windows\System32\gdi32full.dll
0x00007ffacca90000 - 0x00007ffaccd09000 	C:\Windows\WinSxS\amd64_microsoft.windows.common-controls_6595b64144ccf1df_6.0.14393.447_none_42191651c6827bb3\COMCTL32.dll
0x00007ffae3620000 - 0x00007ffae38e8000 	C:\Windows\System32\combase.dll
0x00007ffae0a50000 - 0x00007ffae0b45000 	C:\Windows\System32\ucrtbase.dll
0x00007ffae0130000 - 0x00007ffae019a000 	C:\Windows\System32\bcryptPrimitives.dll
0x00007ffae11d0000 - 0x00007ffae11fe000 	C:\Windows\System32\IMM32.DLL
0x0000000050f10000 - 0x0000000050fe2000 	C:\Program Files\Android\Android Studio\jre\jre\bin\msvcr100.dll
0x0000000050ff0000 - 0x0000000051836000 	C:\Program Files\Android\Android Studio\jre\jre\bin\server\jvm.dll
0x00007ffae1620000 - 0x00007ffae1628000 	C:\Windows\System32\PSAPI.DLL
0x00007ffad7d20000 - 0x00007ffad7d2a000 	C:\Windows\SYSTEM32\VERSION.dll
0x00007ffade010000 - 0x00007ffade019000 	C:\Windows\SYSTEM32\WSOCK32.dll
0x00007ffadde50000 - 0x00007ffadde73000 	C:\Windows\SYSTEM32\WINMM.dll
0x00007ffae2d70000 - 0x00007ffae2dda000 	C:\Windows\System32\WS2_32.dll
0x0000000002d30000 - 0x0000000002d5b000 	C:\Windows\SYSTEM32\WINMMBASE.dll
0x00007ffae0b70000 - 0x00007ffae0bb2000 	C:\Windows\System32\cfgmgr32.dll
0x00007ffaddfd0000 - 0x00007ffaddfdf000 	C:\Program Files\Android\Android Studio\jre\jre\bin\verify.dll
0x00007ffad65c0000 - 0x00007ffad65e9000 	C:\Program Files\Android\Android Studio\jre\jre\bin\java.dll
0x00007ffad6cd0000 - 0x00007ffad6ce6000 	C:\Program Files\Android\Android Studio\jre\jre\bin\zip.dll
0x00007ffae1860000 - 0x00007ffae2d69000 	C:\Windows\System32\SHELL32.dll
0x00007ffae01a0000 - 0x00007ffae087a000 	C:\Windows\System32\windows.storage.dll
0x00007ffae00c0000 - 0x00007ffae010c000 	C:\Windows\System32\powrprof.dll
0x00007ffae13f0000 - 0x00007ffae1442000 	C:\Windows\System32\shlwapi.dll
0x00007ffae0110000 - 0x00007ffae011f000 	C:\Windows\System32\kernel.appcore.dll
0x00007ffae0e40000 - 0x00007ffae0ee9000 	C:\Windows\System32\shcore.dll
0x00007ffae00a0000 - 0x00007ffae00b4000 	C:\Windows\System32\profapi.dll
0x00007ffad4bb0000 - 0x00007ffad4bca000 	C:\Program Files\Android\Android Studio\jre\jre\bin\net.dll
0x00007ffadf9d0000 - 0x00007ffadfa2c000 	C:\Windows\system32\mswsock.dll
0x00007ffad4850000 - 0x00007ffad4861000 	C:\Program Files\Android\Android Studio\jre\jre\bin\nio.dll
0x00007ffad3f90000 - 0x00007ffad3fb6000 	C:\Users\UNIQ\.gradle\native\29\windows-amd64\native-platform.dll
0x00007ffadd560000 - 0x00007ffadd56d000 	C:\Program Files\Android\Android Studio\jre\jre\bin\management.dll
0x00007ffadfb70000 - 0x00007ffadfb87000 	C:\Windows\SYSTEM32\CRYPTSP.dll
0x00007ffadf5e0000 - 0x00007ffadf613000 	C:\Windows\system32\rsaenh.dll
0x00007ffadfc80000 - 0x00007ffadfcab000 	C:\Windows\SYSTEM32\bcrypt.dll
0x00007ffadf850000 - 0x00007ffadf86f000 	C:\Windows\SYSTEM32\USERENV.dll
0x00007ffadfb90000 - 0x00007ffadfb9b000 	C:\Windows\SYSTEM32\CRYPTBASE.dll
0x00007ffadf760000 - 0x00007ffadf798000 	C:\Windows\SYSTEM32\IPHLPAPI.DLL
0x00007ffae1630000 - 0x00007ffae1638000 	C:\Windows\System32\NSI.dll
0x00007ffad7d00000 - 0x00007ffad7d16000 	C:\Windows\SYSTEM32\dhcpcsvc6.DLL
0x00007ffad7c80000 - 0x00007ffad7c9a000 	C:\Windows\SYSTEM32\dhcpcsvc.DLL
0x00007ffad4140000 - 0x00007ffad4164000 	C:\Program Files\Android\Android Studio\jre\jre\bin\sunec.dll
0x00007ffadf7a0000 - 0x00007ffadf840000 	C:\Windows\SYSTEM32\DNSAPI.dll
0x00007ffad3c40000 - 0x00007ffad3c4a000 	C:\Windows\System32\rasadhlp.dll
0x00007ffad7840000 - 0x00007ffad78aa000 	C:\Windows\System32\fwpuclnt.dll
0x00007ffadbd90000 - 0x00007ffadbd9b000 	C:\Program Files\Android\Android Studio\jre\jre\bin\sunmscapi.dll
0x00007ffae0880000 - 0x00007ffae0a49000 	C:\Windows\System32\CRYPT32.dll
0x00007ffae0120000 - 0x00007ffae0130000 	C:\Windows\System32\MSASN1.dll

VM Arguments:
jvm_args: -Xmx1536m -Dfile.encoding=windows-1252 -Duser.country=US -Duser.language=en -Duser.variant 
java_command: org.gradle.launcher.daemon.bootstrap.GradleDaemon 5.4.1
java_class_path (initial): C:\Users\UNIQ\.gradle\wrapper\dists\gradle-5.4.1-all\3221gyojl5jsh0helicew7rwx\gradle-5.4.1\lib\gradle-launcher-5.4.1.jar
Launcher Type: SUN_STANDARD

Environment Variables:
PATH=C:\Program Files (x86)\Common Files\Oracle\Java\javapath;C:\Windows\system32;C:\Windows;C:\Windows\System32\Wbem;C:\Windows\System32\WindowsPowerShell\v1.0\;C:\Program Files\dotnet\;C:\Program Files\Microsoft SQL Server\130\Tools\Binn\;C:\Program Files (x86)\Microchip\MPLAB C32 Suite\bin;C:\Program Files\Microsoft SQL Server\110\Tools\Binn\;C:\Users\UNIQ\Anaconda3;C:\Users\UNIQ\Anaconda3\Library\mingw-w64\bin;C:\Users\UNIQ\Anaconda3\Library\usr\bin;C:\Users\UNIQ\Anaconda3\Library\bin;C:\Users\UNIQ\Anaconda3\Scripts;C:\Users\UNIQ\AppData\Local\Programs\Python\Python38-32\Scripts\;C:\Users\UNIQ\AppData\Local\Programs\Python\Python38-32\;C:\Users\UNIQ\AppData\Local\Microsoft\WindowsApps;C:\Users\UNIQ\AppData\Local\Programs\Microsoft VS Code\bin
USERNAME=UNIQ
OS=Windows_NT
PROCESSOR_IDENTIFIER=Intel64 Family 6 Model 158 Stepping 9, GenuineIntel



---------------  S Y S T E M  ---------------

OS: Windows 10.0 , 64 bit Build 14393 (10.0.14393.0)

CPU:total 8 (initial active 8) (4 cores per cpu, 2 threads per core) family 6 model 158 stepping 9, cmov, cx8, fxsr, mmx, sse, sse2, sse3, ssse3, sse4.1, sse4.2, popcnt, avx, avx2, aes, clmul, erms, rtm, 3dnowpref, lzcnt, ht, tsc, tscinvbit, bmi1, bmi2, adx

Memory: 4k page, physical 8253368k(566204k free), swap 33419192k(3224k free)

vm_info: OpenJDK 64-Bit Server VM (25.202-b03) for windows-amd64 JRE (1.8.0_202-release-1483-b03), built by "builder" with MS VC++ 10.0 (VS2010)

time: Wed Feb 05 13:22:09 2020
timezone: India Standard Time
elapsed time: 3785 seconds (0d 1h 3m 5s)

